  BaseModel.cpp
D:\dev\cpp\scripts\lib_2\base\BaseModel.cpp(29): error C2065: AI: необъявленный идентификатор
D:\dev\cpp\scripts\lib_2\base\BaseModel.cpp(29): error C2146: синтаксическая ошибка: отсутствие ";" перед идентификатором "ai"
D:\dev\cpp\scripts\lib_2\base\BaseModel.cpp(29): error C3861: ai: идентификатор не найден
D:\dev\cpp\scripts\lib_2\base\BaseModel.cpp(30): error C2065: ai: необъявленный идентификатор
  Book.cpp
c1xx : fatal error C1083: Не удается открыть файл источник: Book.cpp: No such file or directory,
  InventoryActions.cpp
D:\dev\cpp\scripts\lib_2\_Reader.cpp(182): warning C4101: i: неиспользованная локальная переменная
D:\dev\cpp\scripts\lib_2\_Book.cpp(2): error C2504: BaseModel: не определен базовый класс
D:\dev\cpp\scripts\lib_2\_Book.cpp(15): error C2614: Book: недопустимая инициализация члена: "BaseModel" не является базовым классом или членом
D:\dev\cpp\scripts\lib_2\_Book.cpp(16): error C2614: Book: недопустимая инициализация члена: "BaseModel" не является базовым классом или членом
D:\dev\cpp\scripts\lib_2\_Book.cpp(45): error C3861: setAutoincrement: идентификатор не найден
D:\dev\cpp\scripts\lib_2\_Book.cpp(46): error C2065: autoincrement: необъявленный идентификатор
D:\dev\cpp\scripts\lib_2\_Book.cpp(49): error C3861: getFilepath: идентификатор не найден
D:\dev\cpp\scripts\lib_2\_Book.cpp(119): error C3861: getFilepath: идентификатор не найден
D:\dev\cpp\scripts\lib_2\InventoryActions.cpp(72): error C2039: changeStatus: не является членом "Book"
  D:\dev\cpp\scripts\lib_2\_Book.cpp(1): note:  см. объявление "Book"
D:\dev\cpp\scripts\lib_2\InventoryActions.cpp(85): error C2660: Reader::find: функция не принимает 1 аргументов
  D:\dev\cpp\scripts\lib_2\_Reader.cpp(78): note:  см. объявление "Reader::find"
D:\dev\cpp\scripts\lib_2\InventoryActions.cpp(96): error C2065: readerModel: необъявленный идентификатор
  _Book.cpp
D:\dev\cpp\scripts\lib_2\_Book.cpp(2): error C2504: BaseModel: не определен базовый класс
D:\dev\cpp\scripts\lib_2\_Book.cpp(4): error C2039: string: не является членом "std"
  D:\dev\cpp\scripts\lib_2\predefined C++ types (compiler internal)(256): note:  см. объявление "std"
D:\dev\cpp\scripts\lib_2\_Book.cpp(4): error C3646: filename: неизвестный спецификатор переопределения
D:\dev\cpp\scripts\lib_2\_Book.cpp(4): error C2059: синтаксическая ошибка: =
D:\dev\cpp\scripts\lib_2\_Book.cpp(4): error C2238: непредвиденные лексемы перед ";"
D:\dev\cpp\scripts\lib_2\_Book.cpp(8): error C2039: string: не является членом "std"
  D:\dev\cpp\scripts\lib_2\predefined C++ types (compiler internal)(256): note:  см. объявление "std"
D:\dev\cpp\scripts\lib_2\_Book.cpp(8): error C3646: name: неизвестный спецификатор переопределения
D:\dev\cpp\scripts\lib_2\_Book.cpp(8): error C4430: отсутствует спецификатор типа - предполагается int. Примечание. C++ не поддерживает int по умолчанию
D:\dev\cpp\scripts\lib_2\_Book.cpp(9): error C2039: string: не является членом "std"
  D:\dev\cpp\scripts\lib_2\predefined C++ types (compiler internal)(256): note:  см. объявление "std"
D:\dev\cpp\scripts\lib_2\_Book.cpp(9): error C3646: author: неизвестный спецификатор переопределения
D:\dev\cpp\scripts\lib_2\_Book.cpp(9): error C4430: отсутствует спецификатор типа - предполагается int. Примечание. C++ не поддерживает int по умолчанию
D:\dev\cpp\scripts\lib_2\_Book.cpp(15): error C2039: string: не является членом "std"
  D:\dev\cpp\scripts\lib_2\predefined C++ types (compiler internal)(256): note:  см. объявление "std"
D:\dev\cpp\scripts\lib_2\_Book.cpp(15): error C2061: синтаксическая ошибка: идентификатор "string"
D:\dev\cpp\scripts\lib_2\_Book.cpp(16): error C2535: Book::Book(void): функция-член уже определена или объявлена
  D:\dev\cpp\scripts\lib_2\_Book.cpp(15): note:  см. объявление "Book::Book"
D:\dev\cpp\scripts\lib_2\_Book.cpp(20): error C2039: vector: не является членом "std"
  D:\dev\cpp\scripts\lib_2\predefined C++ types (compiler internal)(256): note:  см. объявление "std"
D:\dev\cpp\scripts\lib_2\_Book.cpp(20): error C2143: синтаксическая ошибка: отсутствие ";" перед "<"
D:\dev\cpp\scripts\lib_2\_Book.cpp(20): error C4430: отсутствует спецификатор типа - предполагается int. Примечание. C++ не поддерживает int по умолчанию
D:\dev\cpp\scripts\lib_2\_Book.cpp(20): error C2039: string: не является членом "std"
  D:\dev\cpp\scripts\lib_2\predefined C++ types (compiler internal)(256): note:  см. объявление "std"
D:\dev\cpp\scripts\lib_2\_Book.cpp(20): error C2238: непредвиденные лексемы перед ";"
D:\dev\cpp\scripts\lib_2\_Book.cpp(21): error C2039: vector: не является членом "std"
  D:\dev\cpp\scripts\lib_2\predefined C++ types (compiler internal)(256): note:  см. объявление "std"
D:\dev\cpp\scripts\lib_2\_Book.cpp(21): error C2143: синтаксическая ошибка: отсутствие ";" перед "<"
D:\dev\cpp\scripts\lib_2\_Book.cpp(21): error C4430: отсутствует спецификатор типа - предполагается int. Примечание. C++ не поддерживает int по умолчанию
D:\dev\cpp\scripts\lib_2\_Book.cpp(21): error C2238: непредвиденные лексемы перед ";"
D:\dev\cpp\scripts\lib_2\_Book.cpp(22): error C2039: vector: не является членом "std"
  D:\dev\cpp\scripts\lib_2\predefined C++ types (compiler internal)(256): note:  см. объявление "std"
D:\dev\cpp\scripts\lib_2\_Book.cpp(22): error C2143: синтаксическая ошибка: отсутствие ";" перед "<"
D:\dev\cpp\scripts\lib_2\_Book.cpp(22): error C4430: отсутствует спецификатор типа - предполагается int. Примечание. C++ не поддерживает int по умолчанию
D:\dev\cpp\scripts\lib_2\_Book.cpp(22): error C2238: непредвиденные лексемы перед ";"
D:\dev\cpp\scripts\lib_2\_Book.cpp(15): error C2065: filename: необъявленный идентификатор
D:\dev\cpp\scripts\lib_2\_Book.cpp(15): error C2614: Book: недопустимая инициализация члена: "BaseModel" не является базовым классом или членом
D:\dev\cpp\scripts\lib_2\_Book.cpp(16): error C2065: filename: необъявленный идентификатор
D:\dev\cpp\scripts\lib_2\_Book.cpp(16): error C2614: Book: недопустимая инициализация члена: "BaseModel" не является базовым классом или членом
D:\dev\cpp\scripts\lib_2\_Book.cpp(30): error C2039: cout: не является членом "std"
  D:\dev\cpp\scripts\lib_2\predefined C++ types (compiler internal)(256): note:  см. объявление "std"
D:\dev\cpp\scripts\lib_2\_Book.cpp(30): error C2065: cout: необъявленный идентификатор
D:\dev\cpp\scripts\lib_2\_Book.cpp(31): error C2039: string: не является членом "std"
  D:\dev\cpp\scripts\lib_2\predefined C++ types (compiler internal)(256): note:  см. объявление "std"
D:\dev\cpp\scripts\lib_2\_Book.cpp(31): error C2065: string: необъявленный идентификатор
D:\dev\cpp\scripts\lib_2\_Book.cpp(31): error C2146: синтаксическая ошибка: отсутствие ";" перед идентификатором "t_name"
D:\dev\cpp\scripts\lib_2\_Book.cpp(31): error C2065: t_name: необъявленный идентификатор
D:\dev\cpp\scripts\lib_2\_Book.cpp(32): error C2039: cin: не является членом "std"
  D:\dev\cpp\scripts\lib_2\predefined C++ types (compiler internal)(256): note:  см. объявление "std"
D:\dev\cpp\scripts\lib_2\_Book.cpp(32): error C2065: cin: необъявленный идентификатор
D:\dev\cpp\scripts\lib_2\_Book.cpp(32): error C2065: t_name: необъявленный идентификатор
D:\dev\cpp\scripts\lib_2\_Book.cpp(34): error C2039: cout: не является членом "std"
  D:\dev\cpp\scripts\lib_2\predefined C++ types (compiler internal)(256): note:  см. объявление "std"
D:\dev\cpp\scripts\lib_2\_Book.cpp(34): error C2065: cout: необъявленный идентификатор
D:\dev\cpp\scripts\lib_2\_Book.cpp(35): error C2039: string: не является членом "std"
  D:\dev\cpp\scripts\lib_2\predefined C++ types (compiler internal)(256): note:  см. объявление "std"
D:\dev\cpp\scripts\lib_2\_Book.cpp(35): error C2065: string: необъявленный идентификатор
D:\dev\cpp\scripts\lib_2\_Book.cpp(35): error C2146: синтаксическая ошибка: отсутствие ";" перед идентификатором "t_author"
D:\dev\cpp\scripts\lib_2\_Book.cpp(35): error C2065: t_author: необъявленный идентификатор
D:\dev\cpp\scripts\lib_2\_Book.cpp(36): error C2039: cin: не является членом "std"
  D:\dev\cpp\scripts\lib_2\predefined C++ types (compiler internal)(256): note:  см. объявление "std"
D:\dev\cpp\scripts\lib_2\_Book.cpp(36): error C2065: cin: необъявленный идентификатор
D:\dev\cpp\scripts\lib_2\_Book.cpp(36): error C2065: t_author: необъявленный идентификатор
D:\dev\cpp\scripts\lib_2\_Book.cpp(38): error C2065: t_name: необъявленный идентификатор
D:\dev\cpp\scripts\lib_2\_Book.cpp(38): error C2065: t_author: необъявленный идентификатор
D:\dev\cpp\scripts\lib_2\_Book.cpp(45): error C3861: setAutoincrement: идентификатор не найден
D:\dev\cpp\scripts\lib_2\_Book.cpp(46): error C2065: autoincrement: необъявленный идентификатор
D:\dev\cpp\scripts\lib_2\_Book.cpp(49): error C2039: ofstream: не является членом "std"
  D:\dev\cpp\scripts\lib_2\predefined C++ types (compiler internal)(256): note:  см. объявление "std"
D:\dev\cpp\scripts\lib_2\_Book.cpp(49): error C2065: ofstream: необъявленный идентификатор
D:\dev\cpp\scripts\lib_2\_Book.cpp(49): error C2146: синтаксическая ошибка: отсутствие ";" перед идентификатором "infile"
D:\dev\cpp\scripts\lib_2\_Book.cpp(49): error C3861: getFilepath: идентификатор не найден
D:\dev\cpp\scripts\lib_2\_Book.cpp(49): error C2039: ios: не является членом "std"
  D:\dev\cpp\scripts\lib_2\predefined C++ types (compiler internal)(256): note:  см. объявление "std"
D:\dev\cpp\scripts\lib_2\_Book.cpp(49): error C3083: ios: символ слева от "::" должен представлять тип
D:\dev\cpp\scripts\lib_2\_Book.cpp(49): error C2039: app: не является членом "std"
  D:\dev\cpp\scripts\lib_2\predefined C++ types (compiler internal)(256): note:  см. объявление "std"
D:\dev\cpp\scripts\lib_2\_Book.cpp(49): error C2065: app: необъявленный идентификатор
D:\dev\cpp\scripts\lib_2\_Book.cpp(49): error C3861: infile: идентификатор не найден
D:\dev\cpp\scripts\lib_2\_Book.cpp(52): error C2065: infile: необъявленный идентификатор
D:\dev\cpp\scripts\lib_2\_Book.cpp(52): error C2065: name: необъявленный идентификатор
D:\dev\cpp\scripts\lib_2\_Book.cpp(52): error C2065: author: необъявленный идентификатор
D:\dev\cpp\scripts\lib_2\_Book.cpp(52): error C2039: endl: не является членом "std"
  D:\dev\cpp\scripts\lib_2\predefined C++ types (compiler internal)(256): note:  см. объявление "std"
D:\dev\cpp\scripts\lib_2\_Book.cpp(52): error C2065: endl: необъявленный идентификатор
D:\dev\cpp\scripts\lib_2\_Book.cpp(55): error C2065: infile: необъявленный идентификатор
D:\dev\cpp\scripts\lib_2\_Book.cpp(60): error C2039: vector: не является членом "std"
  D:\dev\cpp\scripts\lib_2\predefined C++ types (compiler internal)(256): note:  см. объявление "std"
D:\dev\cpp\scripts\lib_2\_Book.cpp(60): error C2143: синтаксическая ошибка: отсутствие ";" перед "<"
D:\dev\cpp\scripts\lib_2\_Book.cpp(60): error C4430: отсутствует спецификатор типа - предполагается int. Примечание. C++ не поддерживает int по умолчанию
D:\dev\cpp\scripts\lib_2\_Book.cpp(60): error C2039: findById: не является членом "Book"
  D:\dev\cpp\scripts\lib_2\_Book.cpp(1): note:  см. объявление "Book"
D:\dev\cpp\scripts\lib_2\_Book.cpp(61): error C2143: синтаксическая ошибка: отсутствие ";" перед "{"
D:\dev\cpp\scripts\lib_2\_Book.cpp(61): error C2447: {: отсутствует заголовок функции (возможно, используется формальный список старого типа)
D:\dev\cpp\scripts\lib_2\_Book.cpp(80): error C2039: vector: не является членом "std"
  D:\dev\cpp\scripts\lib_2\predefined C++ types (compiler internal)(256): note:  см. объявление "std"
D:\dev\cpp\scripts\lib_2\_Book.cpp(80): error C2143: синтаксическая ошибка: отсутствие ";" перед "<"
D:\dev\cpp\scripts\lib_2\_Book.cpp(80): error C4430: отсутствует спецификатор типа - предполагается int. Примечание. C++ не поддерживает int по умолчанию
D:\dev\cpp\scripts\lib_2\_Book.cpp(80): error C2086: int vector: переопределение
  D:\dev\cpp\scripts\lib_2\_Book.cpp(60): note:  см. объявление "vector"
D:\dev\cpp\scripts\lib_2\_Book.cpp(80): error C2039: find: не является членом "Book"
  D:\dev\cpp\scripts\lib_2\_Book.cpp(1): note:  см. объявление "Book"
D:\dev\cpp\scripts\lib_2\_Book.cpp(80): error C2039: string: не является членом "std"
  D:\dev\cpp\scripts\lib_2\predefined C++ types (compiler internal)(256): note:  см. объявление "std"
D:\dev\cpp\scripts\lib_2\_Book.cpp(81): error C2143: синтаксическая ошибка: отсутствие ";" перед "{"
D:\dev\cpp\scripts\lib_2\_Book.cpp(81): error C2447: {: отсутствует заголовок функции (возможно, используется формальный список старого типа)
D:\dev\cpp\scripts\lib_2\_Book.cpp(117): error C2039: vector: не является членом "std"
  D:\dev\cpp\scripts\lib_2\predefined C++ types (compiler internal)(256): note:  см. объявление "std"
D:\dev\cpp\scripts\lib_2\_Book.cpp(117): error C2143: синтаксическая ошибка: отсутствие ";" перед "<"
D:\dev\cpp\scripts\lib_2\_Book.cpp(117): error C4430: отсутствует спецификатор типа - предполагается int. Примечание. C++ не поддерживает int по умолчанию
D:\dev\cpp\scripts\lib_2\_Book.cpp(117): error C2086: int vector: переопределение
  D:\dev\cpp\scripts\lib_2\_Book.cpp(60): note:  см. объявление "vector"
D:\dev\cpp\scripts\lib_2\_Book.cpp(117): error C2039: findAll: не является членом "Book"
  D:\dev\cpp\scripts\lib_2\_Book.cpp(1): note:  см. объявление "Book"
D:\dev\cpp\scripts\lib_2\_Book.cpp(118): error C2143: синтаксическая ошибка: отсутствие ";" перед "{"
D:\dev\cpp\scripts\lib_2\_Book.cpp(118): error C2447: {: отсутствует заголовок функции (возможно, используется формальный список старого типа)
D:\dev\cpp\scripts\lib_2\_Book.cpp(156): error C2039: cout: не является членом "std"
  D:\dev\cpp\scripts\lib_2\predefined C++ types (compiler internal)(256): note:  см. объявление "std"
D:\dev\cpp\scripts\lib_2\_Book.cpp(156): error C2065: cout: необъявленный идентификатор
D:\dev\cpp\scripts\lib_2\_Book.cpp(156): error C2039: endl: не является членом "std"
  D:\dev\cpp\scripts\lib_2\predefined C++ types (compiler internal)(256): note:  см. объявление "std"
D:\dev\cpp\scripts\lib_2\_Book.cpp(156): error C2065: endl: необъявленный идентификатор
D:\dev\cpp\scripts\lib_2\_Book.cpp(157): error C2039: cout: не является членом "std"
  D:\dev\cpp\scripts\lib_2\predefined C++ types (compiler internal)(256): note:  см. объявление "std"
D:\dev\cpp\scripts\lib_2\_Book.cpp(157): error C2065: cout: необъявленный идентификатор
D:\dev\cpp\scripts\lib_2\_Book.cpp(157): error C2039: endl: не является членом "std"
  D:\dev\cpp\scripts\lib_2\predefined C++ types (compiler internal)(256): note:  см. объявление "std"
D:\dev\cpp\scripts\lib_2\_Book.cpp(157): error C2065: endl: необъявленный идентификатор
D:\dev\cpp\scripts\lib_2\_Book.cpp(158): error C2039: cout: не является членом "std"
  D:\dev\cpp\scripts\lib_2\predefined C++ types (compiler internal)(256): note:  см. объявление "std"
D:\dev\cpp\scripts\lib_2\_Book.cpp(158): error C2065: cout: необъявленный идентификатор
D:\dev\cpp\scripts\lib_2\_Book.cpp(158): error C2039: endl: не является членом "std"
  D:\dev\cpp\scripts\lib_2\predefined C++ types (compiler internal)(256): note:  см. объявление "std"
D:\dev\cpp\scripts\lib_2\_Book.cpp(158): error C2065: endl: необъявленный идентификатор
D:\dev\cpp\scripts\lib_2\_Book.cpp(159): error C2039: cout: не является членом "std"
  D:\dev\cpp\scripts\lib_2\predefined C++ types (compiler internal)(256): note:  см. объявление "std"
D:\dev\cpp\scripts\lib_2\_Book.cpp(159): error C2065: cout: необъявленный идентификатор
D:\dev\cpp\scripts\lib_2\_Book.cpp(159): error C2039: endl: не является членом "std"
  D:\dev\cpp\scripts\lib_2\predefined C++ types (compiler internal)(256): note:  см. объявление "std"
D:\dev\cpp\scripts\lib_2\_Book.cpp(159): error C2065: endl: необъявленный идентификатор
D:\dev\cpp\scripts\lib_2\_Book.cpp(160): error C2039: cout: не является членом "std"
  D:\dev\cpp\scripts\lib_2\predefined C++ types (compiler internal)(256): note:  см. объявление "std"
D:\dev\cpp\scripts\lib_2\_Book.cpp(160): error C2065: cout: необъявленный идентификатор
D:\dev\cpp\scripts\lib_2\_Book.cpp(160): error C2039: endl: не является членом "std"
  D:\dev\cpp\scripts\lib_2\predefined C++ types (compiler internal)(256): note:  см. объявление "std"
D:\dev\cpp\scripts\lib_2\_Book.cpp(160): error C2065: endl: необъявленный идентификатор
D:\dev\cpp\scripts\lib_2\_Book.cpp(160): fatal error C1003: число ошибок превышает 100; остановка компиляции
  _Inventory.cpp
D:\dev\cpp\scripts\lib_2\_Inventory.cpp(14): error C2039: string: не является членом "std"
  D:\dev\cpp\scripts\lib_2\predefined C++ types (compiler internal)(256): note:  см. объявление "std"
D:\dev\cpp\scripts\lib_2\_Inventory.cpp(14): error C3646: dataDir: неизвестный спецификатор переопределения
D:\dev\cpp\scripts\lib_2\_Inventory.cpp(14): error C2059: синтаксическая ошибка: =
D:\dev\cpp\scripts\lib_2\_Inventory.cpp(14): error C2238: непредвиденные лексемы перед ";"
D:\dev\cpp\scripts\lib_2\_Inventory.cpp(15): error C2039: string: не является членом "std"
  D:\dev\cpp\scripts\lib_2\predefined C++ types (compiler internal)(256): note:  см. объявление "std"
D:\dev\cpp\scripts\lib_2\_Inventory.cpp(15): error C3646: filename: неизвестный спецификатор переопределения
D:\dev\cpp\scripts\lib_2\_Inventory.cpp(15): error C2059: синтаксическая ошибка: =
D:\dev\cpp\scripts\lib_2\_Inventory.cpp(15): error C2238: непредвиденные лексемы перед ";"
D:\dev\cpp\scripts\lib_2\_Inventory.cpp(16): error C2039: string: не является членом "std"
  D:\dev\cpp\scripts\lib_2\predefined C++ types (compiler internal)(256): note:  см. объявление "std"
D:\dev\cpp\scripts\lib_2\_Inventory.cpp(16): error C3646: ext: неизвестный спецификатор переопределения
D:\dev\cpp\scripts\lib_2\_Inventory.cpp(16): error C2059: синтаксическая ошибка: =
D:\dev\cpp\scripts\lib_2\_Inventory.cpp(16): error C2238: непредвиденные лексемы перед ";"
D:\dev\cpp\scripts\lib_2\_Inventory.cpp(18): error C2039: string: не является членом "std"
  D:\dev\cpp\scripts\lib_2\predefined C++ types (compiler internal)(256): note:  см. объявление "std"
D:\dev\cpp\scripts\lib_2\_Inventory.cpp(18): error C3646: fn: неизвестный спецификатор переопределения
D:\dev\cpp\scripts\lib_2\_Inventory.cpp(18): error C2059: синтаксическая ошибка: =
D:\dev\cpp\scripts\lib_2\_Inventory.cpp(18): error C2238: непредвиденные лексемы перед ";"
D:\dev\cpp\scripts\lib_2\_Inventory.cpp(30): error C2039: vector: не является членом "std"
  D:\dev\cpp\scripts\lib_2\predefined C++ types (compiler internal)(256): note:  см. объявление "std"
D:\dev\cpp\scripts\lib_2\_Inventory.cpp(30): error C2143: синтаксическая ошибка: отсутствие ";" перед "<"
D:\dev\cpp\scripts\lib_2\_Inventory.cpp(30): error C4430: отсутствует спецификатор типа - предполагается int. Примечание. C++ не поддерживает int по умолчанию
D:\dev\cpp\scripts\lib_2\_Inventory.cpp(30): error C2238: непредвиденные лексемы перед ";"
D:\dev\cpp\scripts\lib_2\_Inventory.cpp(31): error C2039: vector: не является членом "std"
  D:\dev\cpp\scripts\lib_2\predefined C++ types (compiler internal)(256): note:  см. объявление "std"
D:\dev\cpp\scripts\lib_2\_Inventory.cpp(31): error C2143: синтаксическая ошибка: отсутствие ";" перед "<"
D:\dev\cpp\scripts\lib_2\_Inventory.cpp(31): error C4430: отсутствует спецификатор типа - предполагается int. Примечание. C++ не поддерживает int по умолчанию
D:\dev\cpp\scripts\lib_2\_Inventory.cpp(31): error C2238: непредвиденные лексемы перед ";"
D:\dev\cpp\scripts\lib_2\_Inventory.cpp(39): error C2039: cout: не является членом "std"
  D:\dev\cpp\scripts\lib_2\predefined C++ types (compiler internal)(256): note:  см. объявление "std"
D:\dev\cpp\scripts\lib_2\_Inventory.cpp(39): error C2065: cout: необъявленный идентификатор
D:\dev\cpp\scripts\lib_2\_Inventory.cpp(40): error C2039: string: не является членом "std"
  D:\dev\cpp\scripts\lib_2\predefined C++ types (compiler internal)(256): note:  см. объявление "std"
D:\dev\cpp\scripts\lib_2\_Inventory.cpp(40): error C2065: string: необъявленный идентификатор
D:\dev\cpp\scripts\lib_2\_Inventory.cpp(40): error C2146: синтаксическая ошибка: отсутствие ";" перед идентификатором "t_name"
D:\dev\cpp\scripts\lib_2\_Inventory.cpp(40): error C2065: t_name: необъявленный идентификатор
D:\dev\cpp\scripts\lib_2\_Inventory.cpp(41): error C2039: cin: не является членом "std"
  D:\dev\cpp\scripts\lib_2\predefined C++ types (compiler internal)(256): note:  см. объявление "std"
D:\dev\cpp\scripts\lib_2\_Inventory.cpp(41): error C2065: cin: необъявленный идентификатор
D:\dev\cpp\scripts\lib_2\_Inventory.cpp(41): error C2065: t_name: необъявленный идентификатор
D:\dev\cpp\scripts\lib_2\_Inventory.cpp(43): error C2039: cout: не является членом "std"
  D:\dev\cpp\scripts\lib_2\predefined C++ types (compiler internal)(256): note:  см. объявление "std"
D:\dev\cpp\scripts\lib_2\_Inventory.cpp(43): error C2065: cout: необъявленный идентификатор
D:\dev\cpp\scripts\lib_2\_Inventory.cpp(45): error C2039: cin: не является членом "std"
  D:\dev\cpp\scripts\lib_2\predefined C++ types (compiler internal)(256): note:  см. объявление "std"
D:\dev\cpp\scripts\lib_2\_Inventory.cpp(45): error C2065: cin: необъявленный идентификатор
D:\dev\cpp\scripts\lib_2\_Inventory.cpp(54): error C2039: ofstream: не является членом "std"
  D:\dev\cpp\scripts\lib_2\predefined C++ types (compiler internal)(256): note:  см. объявление "std"
D:\dev\cpp\scripts\lib_2\_Inventory.cpp(54): error C2065: ofstream: необъявленный идентификатор
D:\dev\cpp\scripts\lib_2\_Inventory.cpp(54): error C2146: синтаксическая ошибка: отсутствие ";" перед идентификатором "infile"
D:\dev\cpp\scripts\lib_2\_Inventory.cpp(54): error C2065: fn: необъявленный идентификатор
D:\dev\cpp\scripts\lib_2\_Inventory.cpp(54): error C2039: ios: не является членом "std"
  D:\dev\cpp\scripts\lib_2\predefined C++ types (compiler internal)(256): note:  см. объявление "std"
D:\dev\cpp\scripts\lib_2\_Inventory.cpp(54): error C3083: ios: символ слева от "::" должен представлять тип
D:\dev\cpp\scripts\lib_2\_Inventory.cpp(54): error C2039: app: не является членом "std"
  D:\dev\cpp\scripts\lib_2\predefined C++ types (compiler internal)(256): note:  см. объявление "std"
D:\dev\cpp\scripts\lib_2\_Inventory.cpp(54): error C2065: app: необъявленный идентификатор
D:\dev\cpp\scripts\lib_2\_Inventory.cpp(54): error C3861: infile: идентификатор не найден
D:\dev\cpp\scripts\lib_2\_Inventory.cpp(57): error C2065: infile: необъявленный идентификатор
D:\dev\cpp\scripts\lib_2\_Inventory.cpp(57): error C2039: endl: не является членом "std"
  D:\dev\cpp\scripts\lib_2\predefined C++ types (compiler internal)(256): note:  см. объявление "std"
D:\dev\cpp\scripts\lib_2\_Inventory.cpp(57): error C2065: endl: необъявленный идентификатор
D:\dev\cpp\scripts\lib_2\_Inventory.cpp(60): error C2065: infile: необъявленный идентификатор
D:\dev\cpp\scripts\lib_2\_Inventory.cpp(66): error C2039: vector: не является членом "std"
  D:\dev\cpp\scripts\lib_2\predefined C++ types (compiler internal)(256): note:  см. объявление "std"
D:\dev\cpp\scripts\lib_2\_Inventory.cpp(66): error C2143: синтаксическая ошибка: отсутствие ";" перед "<"
D:\dev\cpp\scripts\lib_2\_Inventory.cpp(66): error C4430: отсутствует спецификатор типа - предполагается int. Примечание. C++ не поддерживает int по умолчанию
D:\dev\cpp\scripts\lib_2\_Inventory.cpp(66): error C2039: find: не является членом "Inventory"
  D:\dev\cpp\scripts\lib_2\_Inventory.cpp(12): note:  см. объявление "Inventory"
D:\dev\cpp\scripts\lib_2\_Inventory.cpp(67): error C2143: синтаксическая ошибка: отсутствие ";" перед "{"
D:\dev\cpp\scripts\lib_2\_Inventory.cpp(67): error C2447: {: отсутствует заголовок функции (возможно, используется формальный список старого типа)
D:\dev\cpp\scripts\lib_2\_Inventory.cpp(105): error C2039: vector: не является членом "std"
  D:\dev\cpp\scripts\lib_2\predefined C++ types (compiler internal)(256): note:  см. объявление "std"
D:\dev\cpp\scripts\lib_2\_Inventory.cpp(105): error C2143: синтаксическая ошибка: отсутствие ";" перед "<"
D:\dev\cpp\scripts\lib_2\_Inventory.cpp(105): error C4430: отсутствует спецификатор типа - предполагается int. Примечание. C++ не поддерживает int по умолчанию
D:\dev\cpp\scripts\lib_2\_Inventory.cpp(105): error C2086: int vector: переопределение
  D:\dev\cpp\scripts\lib_2\_Inventory.cpp(66): note:  см. объявление "vector"
D:\dev\cpp\scripts\lib_2\_Inventory.cpp(105): error C2039: findAll: не является членом "Inventory"
  D:\dev\cpp\scripts\lib_2\_Inventory.cpp(12): note:  см. объявление "Inventory"
D:\dev\cpp\scripts\lib_2\_Inventory.cpp(106): error C2143: синтаксическая ошибка: отсутствие ";" перед "{"
D:\dev\cpp\scripts\lib_2\_Inventory.cpp(106): error C2447: {: отсутствует заголовок функции (возможно, используется формальный список старого типа)
D:\dev\cpp\scripts\lib_2\_Inventory.cpp(130): error C2039: cout: не является членом "std"
  D:\dev\cpp\scripts\lib_2\predefined C++ types (compiler internal)(256): note:  см. объявление "std"
D:\dev\cpp\scripts\lib_2\_Inventory.cpp(130): error C2065: cout: необъявленный идентификатор
D:\dev\cpp\scripts\lib_2\_Inventory.cpp(130): error C2039: endl: не является членом "std"
  D:\dev\cpp\scripts\lib_2\predefined C++ types (compiler internal)(256): note:  см. объявление "std"
D:\dev\cpp\scripts\lib_2\_Inventory.cpp(130): error C2065: endl: необъявленный идентификатор
D:\dev\cpp\scripts\lib_2\_Inventory.cpp(131): error C2039: cout: не является членом "std"
  D:\dev\cpp\scripts\lib_2\predefined C++ types (compiler internal)(256): note:  см. объявление "std"
D:\dev\cpp\scripts\lib_2\_Inventory.cpp(131): error C2065: cout: необъявленный идентификатор
D:\dev\cpp\scripts\lib_2\_Inventory.cpp(131): error C2039: endl: не является членом "std"
  D:\dev\cpp\scripts\lib_2\predefined C++ types (compiler internal)(256): note:  см. объявление "std"
D:\dev\cpp\scripts\lib_2\_Inventory.cpp(131): error C2065: endl: необъявленный идентификатор
D:\dev\cpp\scripts\lib_2\_Inventory.cpp(132): error C2039: cout: не является членом "std"
  D:\dev\cpp\scripts\lib_2\predefined C++ types (compiler internal)(256): note:  см. объявление "std"
D:\dev\cpp\scripts\lib_2\_Inventory.cpp(132): error C2065: cout: необъявленный идентификатор
D:\dev\cpp\scripts\lib_2\_Inventory.cpp(132): error C2039: endl: не является членом "std"
  D:\dev\cpp\scripts\lib_2\predefined C++ types (compiler internal)(256): note:  см. объявление "std"
D:\dev\cpp\scripts\lib_2\_Inventory.cpp(132): error C2065: endl: необъявленный идентификатор
D:\dev\cpp\scripts\lib_2\_Inventory.cpp(133): error C2039: cout: не является членом "std"
  D:\dev\cpp\scripts\lib_2\predefined C++ types (compiler internal)(256): note:  см. объявление "std"
D:\dev\cpp\scripts\lib_2\_Inventory.cpp(133): error C2065: cout: необъявленный идентификатор
D:\dev\cpp\scripts\lib_2\_Inventory.cpp(133): error C2039: endl: не является членом "std"
  D:\dev\cpp\scripts\lib_2\predefined C++ types (compiler internal)(256): note:  см. объявление "std"
D:\dev\cpp\scripts\lib_2\_Inventory.cpp(133): error C2065: endl: необъявленный идентификатор
D:\dev\cpp\scripts\lib_2\_Inventory.cpp(134): error C2039: cout: не является членом "std"
  D:\dev\cpp\scripts\lib_2\predefined C++ types (compiler internal)(256): note:  см. объявление "std"
D:\dev\cpp\scripts\lib_2\_Inventory.cpp(134): error C2065: cout: необъявленный идентификатор
D:\dev\cpp\scripts\lib_2\_Inventory.cpp(134): error C2039: endl: не является членом "std"
  D:\dev\cpp\scripts\lib_2\predefined C++ types (compiler internal)(256): note:  см. объявление "std"
D:\dev\cpp\scripts\lib_2\_Inventory.cpp(134): error C2065: endl: необъявленный идентификатор
D:\dev\cpp\scripts\lib_2\_Inventory.cpp(136): error C2039: cin: не является членом "std"
  D:\dev\cpp\scripts\lib_2\predefined C++ types (compiler internal)(256): note:  см. объявление "std"
D:\dev\cpp\scripts\lib_2\_Inventory.cpp(136): error C2065: cin: необъявленный идентификатор
D:\dev\cpp\scripts\lib_2\_Inventory.cpp(142): error C2039: string: не является членом "std"
  D:\dev\cpp\scripts\lib_2\predefined C++ types (compiler internal)(256): note:  см. объявление "std"
D:\dev\cpp\scripts\lib_2\_Inventory.cpp(142): error C2065: string: необъявленный идентификатор
D:\dev\cpp\scripts\lib_2\_Inventory.cpp(142): error C2146: синтаксическая ошибка: отсутствие ";" перед идентификатором "r_name"
D:\dev\cpp\scripts\lib_2\_Inventory.cpp(142): error C2065: r_name: необъявленный идентификатор
D:\dev\cpp\scripts\lib_2\_Inventory.cpp(143): error C2039: cout: не является членом "std"
  D:\dev\cpp\scripts\lib_2\predefined C++ types (compiler internal)(256): note:  см. объявление "std"
D:\dev\cpp\scripts\lib_2\_Inventory.cpp(143): error C2065: cout: необъявленный идентификатор
D:\dev\cpp\scripts\lib_2\_Inventory.cpp(143): error C2039: endl: не является членом "std"
  D:\dev\cpp\scripts\lib_2\predefined C++ types (compiler internal)(256): note:  см. объявление "std"
D:\dev\cpp\scripts\lib_2\_Inventory.cpp(143): error C2065: endl: необъявленный идентификатор
D:\dev\cpp\scripts\lib_2\_Inventory.cpp(144): error C2039: cin: не является членом "std"
  D:\dev\cpp\scripts\lib_2\predefined C++ types (compiler internal)(256): note:  см. объявление "std"
D:\dev\cpp\scripts\lib_2\_Inventory.cpp(144): error C2065: cin: необъявленный идентификатор
D:\dev\cpp\scripts\lib_2\_Inventory.cpp(144): error C2065: r_name: необъявленный идентификатор
D:\dev\cpp\scripts\lib_2\_Inventory.cpp(147): error C2065: Reader: необъявленный идентификатор
D:\dev\cpp\scripts\lib_2\_Inventory.cpp(147): error C2146: синтаксическая ошибка: отсутствие ";" перед идентификатором "r"
D:\dev\cpp\scripts\lib_2\_Inventory.cpp(147): error C2065: r: необъявленный идентификатор
D:\dev\cpp\scripts\lib_2\_Inventory.cpp(148): error C2039: vector: не является членом "std"
  D:\dev\cpp\scripts\lib_2\predefined C++ types (compiler internal)(256): note:  см. объявление "std"
D:\dev\cpp\scripts\lib_2\_Inventory.cpp(148): error C2065: Reader: необъявленный идентификатор
D:\dev\cpp\scripts\lib_2\_Inventory.cpp(148): error C2065: rdr: необъявленный идентификатор
D:\dev\cpp\scripts\lib_2\_Inventory.cpp(148): error C2065: r: необъявленный идентификатор
D:\dev\cpp\scripts\lib_2\_Inventory.cpp(148): error C2065: r_name: необъявленный идентификатор
D:\dev\cpp\scripts\lib_2\_Inventory.cpp(149): error C2039: vector: не является членом "std"
  D:\dev\cpp\scripts\lib_2\predefined C++ types (compiler internal)(256): note:  см. объявление "std"
D:\dev\cpp\scripts\lib_2\_Inventory.cpp(149): fatal error C1003: число ошибок превышает 100; остановка компиляции
  _Reader.cpp
D:\dev\cpp\scripts\lib_2\_Reader.cpp(3): error C2039: string: не является членом "std"
  D:\dev\cpp\scripts\lib_2\predefined C++ types (compiler internal)(256): note:  см. объявление "std"
D:\dev\cpp\scripts\lib_2\_Reader.cpp(3): error C3646: dataDir: неизвестный спецификатор переопределения
D:\dev\cpp\scripts\lib_2\_Reader.cpp(3): error C2059: синтаксическая ошибка: =
D:\dev\cpp\scripts\lib_2\_Reader.cpp(3): error C2238: непредвиденные лексемы перед ";"
D:\dev\cpp\scripts\lib_2\_Reader.cpp(4): error C2039: string: не является членом "std"
  D:\dev\cpp\scripts\lib_2\predefined C++ types (compiler internal)(256): note:  см. объявление "std"
D:\dev\cpp\scripts\lib_2\_Reader.cpp(4): error C3646: filename: неизвестный спецификатор переопределения
D:\dev\cpp\scripts\lib_2\_Reader.cpp(4): error C2059: синтаксическая ошибка: =
D:\dev\cpp\scripts\lib_2\_Reader.cpp(4): error C2238: непредвиденные лексемы перед ";"
D:\dev\cpp\scripts\lib_2\_Reader.cpp(5): error C2039: string: не является членом "std"
  D:\dev\cpp\scripts\lib_2\predefined C++ types (compiler internal)(256): note:  см. объявление "std"
D:\dev\cpp\scripts\lib_2\_Reader.cpp(5): error C3646: ext: неизвестный спецификатор переопределения
D:\dev\cpp\scripts\lib_2\_Reader.cpp(5): error C2059: синтаксическая ошибка: =
D:\dev\cpp\scripts\lib_2\_Reader.cpp(5): error C2238: непредвиденные лексемы перед ";"
D:\dev\cpp\scripts\lib_2\_Reader.cpp(7): error C2039: string: не является членом "std"
  D:\dev\cpp\scripts\lib_2\predefined C++ types (compiler internal)(256): note:  см. объявление "std"
D:\dev\cpp\scripts\lib_2\_Reader.cpp(7): error C3646: fn: неизвестный спецификатор переопределения
D:\dev\cpp\scripts\lib_2\_Reader.cpp(7): error C2059: синтаксическая ошибка: =
D:\dev\cpp\scripts\lib_2\_Reader.cpp(7): error C2238: непредвиденные лексемы перед ";"
D:\dev\cpp\scripts\lib_2\_Reader.cpp(10): error C2039: string: не является членом "std"
  D:\dev\cpp\scripts\lib_2\predefined C++ types (compiler internal)(256): note:  см. объявление "std"
D:\dev\cpp\scripts\lib_2\_Reader.cpp(10): error C3646: name: неизвестный спецификатор переопределения
D:\dev\cpp\scripts\lib_2\_Reader.cpp(10): error C4430: отсутствует спецификатор типа - предполагается int. Примечание. C++ не поддерживает int по умолчанию
D:\dev\cpp\scripts\lib_2\_Reader.cpp(13): error C2039: string: не является членом "std"
  D:\dev\cpp\scripts\lib_2\predefined C++ types (compiler internal)(256): note:  см. объявление "std"
D:\dev\cpp\scripts\lib_2\_Reader.cpp(13): error C2061: синтаксическая ошибка: идентификатор "string"
D:\dev\cpp\scripts\lib_2\_Reader.cpp(14): error C2535: Reader::Reader(void): функция-член уже определена или объявлена
  D:\dev\cpp\scripts\lib_2\_Reader.cpp(13): note:  см. объявление "Reader::Reader"
D:\dev\cpp\scripts\lib_2\_Reader.cpp(19): error C2039: vector: не является членом "std"
  D:\dev\cpp\scripts\lib_2\predefined C++ types (compiler internal)(256): note:  см. объявление "std"
D:\dev\cpp\scripts\lib_2\_Reader.cpp(19): error C2143: синтаксическая ошибка: отсутствие ";" перед "<"
D:\dev\cpp\scripts\lib_2\_Reader.cpp(19): error C4430: отсутствует спецификатор типа - предполагается int. Примечание. C++ не поддерживает int по умолчанию
D:\dev\cpp\scripts\lib_2\_Reader.cpp(19): error C2039: string: не является членом "std"
  D:\dev\cpp\scripts\lib_2\predefined C++ types (compiler internal)(256): note:  см. объявление "std"
D:\dev\cpp\scripts\lib_2\_Reader.cpp(19): error C2238: непредвиденные лексемы перед ";"
D:\dev\cpp\scripts\lib_2\_Reader.cpp(20): error C2039: vector: не является членом "std"
  D:\dev\cpp\scripts\lib_2\predefined C++ types (compiler internal)(256): note:  см. объявление "std"
D:\dev\cpp\scripts\lib_2\_Reader.cpp(20): error C2143: синтаксическая ошибка: отсутствие ";" перед "<"
D:\dev\cpp\scripts\lib_2\_Reader.cpp(20): error C4430: отсутствует спецификатор типа - предполагается int. Примечание. C++ не поддерживает int по умолчанию
D:\dev\cpp\scripts\lib_2\_Reader.cpp(20): error C2238: непредвиденные лексемы перед ";"
D:\dev\cpp\scripts\lib_2\_Reader.cpp(21): error C2039: vector: не является членом "std"
  D:\dev\cpp\scripts\lib_2\predefined C++ types (compiler internal)(256): note:  см. объявление "std"
D:\dev\cpp\scripts\lib_2\_Reader.cpp(21): error C2143: синтаксическая ошибка: отсутствие ";" перед "<"
D:\dev\cpp\scripts\lib_2\_Reader.cpp(21): error C4430: отсутствует спецификатор типа - предполагается int. Примечание. C++ не поддерживает int по умолчанию
D:\dev\cpp\scripts\lib_2\_Reader.cpp(21): error C2238: непредвиденные лексемы перед ";"
D:\dev\cpp\scripts\lib_2\_Reader.cpp(13): error C2065: n: необъявленный идентификатор
D:\dev\cpp\scripts\lib_2\_Reader.cpp(13): error C2065: a: необъявленный идентификатор
D:\dev\cpp\scripts\lib_2\_Reader.cpp(13): error C2614: Reader: недопустимая инициализация члена: "name" не является базовым классом или членом
D:\dev\cpp\scripts\lib_2\_Reader.cpp(29): error C2039: cout: не является членом "std"
  D:\dev\cpp\scripts\lib_2\predefined C++ types (compiler internal)(256): note:  см. объявление "std"
D:\dev\cpp\scripts\lib_2\_Reader.cpp(29): error C2065: cout: необъявленный идентификатор
D:\dev\cpp\scripts\lib_2\_Reader.cpp(30): error C2039: string: не является членом "std"
  D:\dev\cpp\scripts\lib_2\predefined C++ types (compiler internal)(256): note:  см. объявление "std"
D:\dev\cpp\scripts\lib_2\_Reader.cpp(30): error C2065: string: необъявленный идентификатор
D:\dev\cpp\scripts\lib_2\_Reader.cpp(30): error C2146: синтаксическая ошибка: отсутствие ";" перед идентификатором "t_name"
D:\dev\cpp\scripts\lib_2\_Reader.cpp(30): error C2065: t_name: необъявленный идентификатор
D:\dev\cpp\scripts\lib_2\_Reader.cpp(31): error C2039: cin: не является членом "std"
  D:\dev\cpp\scripts\lib_2\predefined C++ types (compiler internal)(256): note:  см. объявление "std"
D:\dev\cpp\scripts\lib_2\_Reader.cpp(31): error C2065: cin: необъявленный идентификатор
D:\dev\cpp\scripts\lib_2\_Reader.cpp(31): error C2065: t_name: необъявленный идентификатор
D:\dev\cpp\scripts\lib_2\_Reader.cpp(33): error C2039: cout: не является членом "std"
  D:\dev\cpp\scripts\lib_2\predefined C++ types (compiler internal)(256): note:  см. объявление "std"
D:\dev\cpp\scripts\lib_2\_Reader.cpp(33): error C2065: cout: необъявленный идентификатор
D:\dev\cpp\scripts\lib_2\_Reader.cpp(35): error C2039: cin: не является членом "std"
  D:\dev\cpp\scripts\lib_2\predefined C++ types (compiler internal)(256): note:  см. объявление "std"
D:\dev\cpp\scripts\lib_2\_Reader.cpp(35): error C2065: cin: необъявленный идентификатор
D:\dev\cpp\scripts\lib_2\_Reader.cpp(37): error C2065: t_name: необъявленный идентификатор
D:\dev\cpp\scripts\lib_2\_Reader.cpp(44): error C2065: AI: необъявленный идентификатор
D:\dev\cpp\scripts\lib_2\_Reader.cpp(44): error C2146: синтаксическая ошибка: отсутствие ";" перед идентификатором "ai"
D:\dev\cpp\scripts\lib_2\_Reader.cpp(44): error C2065: filename: необъявленный идентификатор
D:\dev\cpp\scripts\lib_2\_Reader.cpp(44): error C3861: ai: идентификатор не найден
D:\dev\cpp\scripts\lib_2\_Reader.cpp(45): error C2065: ai: необъявленный идентификатор
D:\dev\cpp\scripts\lib_2\_Reader.cpp(48): error C2039: ofstream: не является членом "std"
  D:\dev\cpp\scripts\lib_2\predefined C++ types (compiler internal)(256): note:  см. объявление "std"
D:\dev\cpp\scripts\lib_2\_Reader.cpp(48): error C2065: ofstream: необъявленный идентификатор
D:\dev\cpp\scripts\lib_2\_Reader.cpp(48): error C2146: синтаксическая ошибка: отсутствие ";" перед идентификатором "infile"
D:\dev\cpp\scripts\lib_2\_Reader.cpp(48): error C2065: fn: необъявленный идентификатор
D:\dev\cpp\scripts\lib_2\_Reader.cpp(48): error C2039: ios: не является членом "std"
  D:\dev\cpp\scripts\lib_2\predefined C++ types (compiler internal)(256): note:  см. объявление "std"
D:\dev\cpp\scripts\lib_2\_Reader.cpp(48): error C3083: ios: символ слева от "::" должен представлять тип
D:\dev\cpp\scripts\lib_2\_Reader.cpp(48): error C2039: app: не является членом "std"
  D:\dev\cpp\scripts\lib_2\predefined C++ types (compiler internal)(256): note:  см. объявление "std"
D:\dev\cpp\scripts\lib_2\_Reader.cpp(48): error C2065: app: необъявленный идентификатор
D:\dev\cpp\scripts\lib_2\_Reader.cpp(48): error C3861: infile: идентификатор не найден
D:\dev\cpp\scripts\lib_2\_Reader.cpp(51): error C2065: infile: необъявленный идентификатор
D:\dev\cpp\scripts\lib_2\_Reader.cpp(51): error C2065: name: необъявленный идентификатор
D:\dev\cpp\scripts\lib_2\_Reader.cpp(51): error C2039: endl: не является членом "std"
  D:\dev\cpp\scripts\lib_2\predefined C++ types (compiler internal)(256): note:  см. объявление "std"
D:\dev\cpp\scripts\lib_2\_Reader.cpp(51): error C2065: endl: необъявленный идентификатор
D:\dev\cpp\scripts\lib_2\_Reader.cpp(54): error C2065: infile: необъявленный идентификатор
D:\dev\cpp\scripts\lib_2\_Reader.cpp(59): error C2039: vector: не является членом "std"
  D:\dev\cpp\scripts\lib_2\predefined C++ types (compiler internal)(256): note:  см. объявление "std"
D:\dev\cpp\scripts\lib_2\_Reader.cpp(59): error C2143: синтаксическая ошибка: отсутствие ";" перед "<"
D:\dev\cpp\scripts\lib_2\_Reader.cpp(59): error C4430: отсутствует спецификатор типа - предполагается int. Примечание. C++ не поддерживает int по умолчанию
D:\dev\cpp\scripts\lib_2\_Reader.cpp(59): error C2039: findById: не является членом "Reader"
  D:\dev\cpp\scripts\lib_2\_Reader.cpp(1): note:  см. объявление "Reader"
D:\dev\cpp\scripts\lib_2\_Reader.cpp(60): error C2143: синтаксическая ошибка: отсутствие ";" перед "{"
D:\dev\cpp\scripts\lib_2\_Reader.cpp(60): error C2447: {: отсутствует заголовок функции (возможно, используется формальный список старого типа)
D:\dev\cpp\scripts\lib_2\_Reader.cpp(78): error C2039: vector: не является членом "std"
  D:\dev\cpp\scripts\lib_2\predefined C++ types (compiler internal)(256): note:  см. объявление "std"
D:\dev\cpp\scripts\lib_2\_Reader.cpp(78): error C2143: синтаксическая ошибка: отсутствие ";" перед "<"
D:\dev\cpp\scripts\lib_2\_Reader.cpp(78): error C4430: отсутствует спецификатор типа - предполагается int. Примечание. C++ не поддерживает int по умолчанию
D:\dev\cpp\scripts\lib_2\_Reader.cpp(78): error C2086: int vector: переопределение
  D:\dev\cpp\scripts\lib_2\_Reader.cpp(59): note:  см. объявление "vector"
D:\dev\cpp\scripts\lib_2\_Reader.cpp(78): error C2039: find: не является членом "Reader"
  D:\dev\cpp\scripts\lib_2\_Reader.cpp(1): note:  см. объявление "Reader"
D:\dev\cpp\scripts\lib_2\_Reader.cpp(78): error C2039: string: не является членом "std"
  D:\dev\cpp\scripts\lib_2\predefined C++ types (compiler internal)(256): note:  см. объявление "std"
D:\dev\cpp\scripts\lib_2\_Reader.cpp(79): error C2143: синтаксическая ошибка: отсутствие ";" перед "{"
D:\dev\cpp\scripts\lib_2\_Reader.cpp(79): error C2447: {: отсутствует заголовок функции (возможно, используется формальный список старого типа)
D:\dev\cpp\scripts\lib_2\_Reader.cpp(98): error C2039: vector: не является членом "std"
  D:\dev\cpp\scripts\lib_2\predefined C++ types (compiler internal)(256): note:  см. объявление "std"
D:\dev\cpp\scripts\lib_2\_Reader.cpp(98): error C2143: синтаксическая ошибка: отсутствие ";" перед "<"
D:\dev\cpp\scripts\lib_2\_Reader.cpp(98): error C4430: отсутствует спецификатор типа - предполагается int. Примечание. C++ не поддерживает int по умолчанию
D:\dev\cpp\scripts\lib_2\_Reader.cpp(98): error C2086: int vector: переопределение
  D:\dev\cpp\scripts\lib_2\_Reader.cpp(59): note:  см. объявление "vector"
D:\dev\cpp\scripts\lib_2\_Reader.cpp(98): error C2039: findAll: не является членом "Reader"
  D:\dev\cpp\scripts\lib_2\_Reader.cpp(1): note:  см. объявление "Reader"
D:\dev\cpp\scripts\lib_2\_Reader.cpp(99): error C2143: синтаксическая ошибка: отсутствие ";" перед "{"
D:\dev\cpp\scripts\lib_2\_Reader.cpp(99): error C2447: {: отсутствует заголовок функции (возможно, используется формальный список старого типа)
D:\dev\cpp\scripts\lib_2\_Reader.cpp(145): error C2039: cout: не является членом "std"
  D:\dev\cpp\scripts\lib_2\predefined C++ types (compiler internal)(256): note:  см. объявление "std"
D:\dev\cpp\scripts\lib_2\_Reader.cpp(145): error C2065: cout: необъявленный идентификатор
D:\dev\cpp\scripts\lib_2\_Reader.cpp(145): error C2039: endl: не является членом "std"
  D:\dev\cpp\scripts\lib_2\predefined C++ types (compiler internal)(256): note:  см. объявление "std"
D:\dev\cpp\scripts\lib_2\_Reader.cpp(145): error C2065: endl: необъявленный идентификатор
D:\dev\cpp\scripts\lib_2\_Reader.cpp(146): error C2039: cout: не является членом "std"
  D:\dev\cpp\scripts\lib_2\predefined C++ types (compiler internal)(256): note:  см. объявление "std"
D:\dev\cpp\scripts\lib_2\_Reader.cpp(146): error C2065: cout: необъявленный идентификатор
D:\dev\cpp\scripts\lib_2\_Reader.cpp(146): error C2039: endl: не является членом "std"
  D:\dev\cpp\scripts\lib_2\predefined C++ types (compiler internal)(256): note:  см. объявление "std"
D:\dev\cpp\scripts\lib_2\_Reader.cpp(146): error C2065: endl: необъявленный идентификатор
D:\dev\cpp\scripts\lib_2\_Reader.cpp(147): error C2039: cout: не является членом "std"
  D:\dev\cpp\scripts\lib_2\predefined C++ types (compiler internal)(256): note:  см. объявление "std"
D:\dev\cpp\scripts\lib_2\_Reader.cpp(147): error C2065: cout: необъявленный идентификатор
D:\dev\cpp\scripts\lib_2\_Reader.cpp(147): error C2039: endl: не является членом "std"
  D:\dev\cpp\scripts\lib_2\predefined C++ types (compiler internal)(256): note:  см. объявление "std"
D:\dev\cpp\scripts\lib_2\_Reader.cpp(147): error C2065: endl: необъявленный идентификатор
D:\dev\cpp\scripts\lib_2\_Reader.cpp(148): error C2039: cout: не является членом "std"
  D:\dev\cpp\scripts\lib_2\predefined C++ types (compiler internal)(256): note:  см. объявление "std"
D:\dev\cpp\scripts\lib_2\_Reader.cpp(148): error C2065: cout: необъявленный идентификатор
D:\dev\cpp\scripts\lib_2\_Reader.cpp(148): error C2039: endl: не является членом "std"
  D:\dev\cpp\scripts\lib_2\predefined C++ types (compiler internal)(256): note:  см. объявление "std"
D:\dev\cpp\scripts\lib_2\_Reader.cpp(148): error C2065: endl: необъявленный идентификатор
D:\dev\cpp\scripts\lib_2\_Reader.cpp(148): fatal error C1003: число ошибок превышает 100; остановка компиляции
  _Reader_old.cpp
D:\dev\cpp\scripts\lib_2\_Reader_old.cpp(4): error C2039: string: не является членом "std"
  D:\dev\cpp\scripts\lib_2\predefined C++ types (compiler internal)(256): note:  см. объявление "std"
D:\dev\cpp\scripts\lib_2\_Reader_old.cpp(4): error C3646: name: неизвестный спецификатор переопределения
D:\dev\cpp\scripts\lib_2\_Reader_old.cpp(4): error C4430: отсутствует спецификатор типа - предполагается int. Примечание. C++ не поддерживает int по умолчанию
D:\dev\cpp\scripts\lib_2\_Reader_old.cpp(6): error C2039: string: не является членом "std"
  D:\dev\cpp\scripts\lib_2\predefined C++ types (compiler internal)(256): note:  см. объявление "std"
D:\dev\cpp\scripts\lib_2\_Reader_old.cpp(6): error C2061: синтаксическая ошибка: идентификатор "string"
D:\dev\cpp\scripts\lib_2\_Reader_old.cpp(7): error C2535: Reader::Reader(void): функция-член уже определена или объявлена
  D:\dev\cpp\scripts\lib_2\_Reader_old.cpp(6): note:  см. объявление "Reader::Reader"
D:\dev\cpp\scripts\lib_2\_Reader_old.cpp(6): error C2065: n: необъявленный идентификатор
D:\dev\cpp\scripts\lib_2\_Reader_old.cpp(6): error C2065: a: необъявленный идентификатор
D:\dev\cpp\scripts\lib_2\_Reader_old.cpp(6): error C2614: Reader: недопустимая инициализация члена: "name" не является базовым классом или членом
D:\dev\cpp\scripts\lib_2\_Reader_old.cpp(10): error C2039: ofstream: не является членом "std"
  D:\dev\cpp\scripts\lib_2\predefined C++ types (compiler internal)(256): note:  см. объявление "std"
D:\dev\cpp\scripts\lib_2\_Reader_old.cpp(10): error C2143: синтаксическая ошибка: отсутствие ";" перед "&"
D:\dev\cpp\scripts\lib_2\_Reader_old.cpp(10): error C4430: отсутствует спецификатор типа - предполагается int. Примечание. C++ не поддерживает int по умолчанию
D:\dev\cpp\scripts\lib_2\_Reader_old.cpp(10): error C2065: os: необъявленный идентификатор
D:\dev\cpp\scripts\lib_2\_Reader_old.cpp(10): error C2059: синтаксическая ошибка: const
D:\dev\cpp\scripts\lib_2\_Reader_old.cpp(11): error C2143: синтаксическая ошибка: отсутствие ";" перед "{"
D:\dev\cpp\scripts\lib_2\_Reader_old.cpp(11): error C2447: {: отсутствует заголовок функции (возможно, используется формальный список старого типа)
D:\dev\cpp\scripts\lib_2\_Reader_old.cpp(15): error C2039: istream: не является членом "std"
  D:\dev\cpp\scripts\lib_2\predefined C++ types (compiler internal)(256): note:  см. объявление "std"
D:\dev\cpp\scripts\lib_2\_Reader_old.cpp(15): error C2143: синтаксическая ошибка: отсутствие ";" перед "&"
D:\dev\cpp\scripts\lib_2\_Reader_old.cpp(15): error C4430: отсутствует спецификатор типа - предполагается int. Примечание. C++ не поддерживает int по умолчанию
D:\dev\cpp\scripts\lib_2\_Reader_old.cpp(15): error C2065: in: необъявленный идентификатор
D:\dev\cpp\scripts\lib_2\_Reader_old.cpp(15): error C2065: r: необъявленный идентификатор
D:\dev\cpp\scripts\lib_2\_Reader_old.cpp(15): error C2275: Reader: недопустимое использование этого типа в качестве выражения
  D:\dev\cpp\scripts\lib_2\_Reader_old.cpp(1): note:  см. объявление "Reader"
D:\dev\cpp\scripts\lib_2\_Reader_old.cpp(15): error C2473: operator >>: выглядит как определение функции, но без списка параметров.
D:\dev\cpp\scripts\lib_2\_Reader_old.cpp(16): error C2448: >>: вероятно, инициализатор, использующий стиль функции, является определением функции
D:\dev\cpp\scripts\lib_2\_Reader_old.cpp(22): error C2039: vector: не является членом "std"
  D:\dev\cpp\scripts\lib_2\predefined C++ types (compiler internal)(256): note:  см. объявление "std"
D:\dev\cpp\scripts\lib_2\_Reader_old.cpp(22): error C2065: vector: необъявленный идентификатор
D:\dev\cpp\scripts\lib_2\_Reader_old.cpp(22): error C2275: Reader: недопустимое использование этого типа в качестве выражения
  D:\dev\cpp\scripts\lib_2\_Reader_old.cpp(1): note:  см. объявление "Reader"
D:\dev\cpp\scripts\lib_2\_Reader_old.cpp(22): error C2065: reader: необъявленный идентификатор
D:\dev\cpp\scripts\lib_2\_Reader_old.cpp(22): error C2182: fillReaders: недопустимое использование типа "void"
D:\dev\cpp\scripts\lib_2\_Reader_old.cpp(23): error C2039: vector: не является членом "std"
  D:\dev\cpp\scripts\lib_2\predefined C++ types (compiler internal)(256): note:  см. объявление "std"
D:\dev\cpp\scripts\lib_2\_Reader_old.cpp(23): error C2065: vector: необъявленный идентификатор
D:\dev\cpp\scripts\lib_2\_Reader_old.cpp(23): error C2275: Reader: недопустимое использование этого типа в качестве выражения
  D:\dev\cpp\scripts\lib_2\_Reader_old.cpp(1): note:  см. объявление "Reader"
D:\dev\cpp\scripts\lib_2\_Reader_old.cpp(23): error C2065: reader: необъявленный идентификатор
D:\dev\cpp\scripts\lib_2\_Reader_old.cpp(23): error C2182: saveReaders: недопустимое использование типа "void"
D:\dev\cpp\scripts\lib_2\_Reader_old.cpp(31): error C2039: vector: не является членом "std"
  D:\dev\cpp\scripts\lib_2\predefined C++ types (compiler internal)(256): note:  см. объявление "std"
D:\dev\cpp\scripts\lib_2\_Reader_old.cpp(31): error C2065: vector: необъявленный идентификатор
D:\dev\cpp\scripts\lib_2\_Reader_old.cpp(31): error C2275: Reader: недопустимое использование этого типа в качестве выражения
  D:\dev\cpp\scripts\lib_2\_Reader_old.cpp(1): note:  см. объявление "Reader"
D:\dev\cpp\scripts\lib_2\_Reader_old.cpp(31): error C2065: readers: необъявленный идентификатор
D:\dev\cpp\scripts\lib_2\_Reader_old.cpp(36): error C2039: cout: не является членом "std"
  D:\dev\cpp\scripts\lib_2\predefined C++ types (compiler internal)(256): note:  см. объявление "std"
D:\dev\cpp\scripts\lib_2\_Reader_old.cpp(36): error C2065: cout: необъявленный идентификатор
D:\dev\cpp\scripts\lib_2\_Reader_old.cpp(36): error C2039: endl: не является членом "std"
  D:\dev\cpp\scripts\lib_2\predefined C++ types (compiler internal)(256): note:  см. объявление "std"
D:\dev\cpp\scripts\lib_2\_Reader_old.cpp(36): error C2065: endl: необъявленный идентификатор
D:\dev\cpp\scripts\lib_2\_Reader_old.cpp(37): error C2039: cout: не является членом "std"
  D:\dev\cpp\scripts\lib_2\predefined C++ types (compiler internal)(256): note:  см. объявление "std"
D:\dev\cpp\scripts\lib_2\_Reader_old.cpp(37): error C2065: cout: необъявленный идентификатор
D:\dev\cpp\scripts\lib_2\_Reader_old.cpp(37): error C2039: endl: не является членом "std"
  D:\dev\cpp\scripts\lib_2\predefined C++ types (compiler internal)(256): note:  см. объявление "std"
D:\dev\cpp\scripts\lib_2\_Reader_old.cpp(37): error C2065: endl: необъявленный идентификатор
D:\dev\cpp\scripts\lib_2\_Reader_old.cpp(38): error C2039: cout: не является членом "std"
  D:\dev\cpp\scripts\lib_2\predefined C++ types (compiler internal)(256): note:  см. объявление "std"
D:\dev\cpp\scripts\lib_2\_Reader_old.cpp(38): error C2065: cout: необъявленный идентификатор
D:\dev\cpp\scripts\lib_2\_Reader_old.cpp(38): error C2039: endl: не является членом "std"
  D:\dev\cpp\scripts\lib_2\predefined C++ types (compiler internal)(256): note:  см. объявление "std"
D:\dev\cpp\scripts\lib_2\_Reader_old.cpp(38): error C2065: endl: необъявленный идентификатор
D:\dev\cpp\scripts\lib_2\_Reader_old.cpp(39): error C2039: cout: не является членом "std"
  D:\dev\cpp\scripts\lib_2\predefined C++ types (compiler internal)(256): note:  см. объявление "std"
D:\dev\cpp\scripts\lib_2\_Reader_old.cpp(39): error C2065: cout: необъявленный идентификатор
D:\dev\cpp\scripts\lib_2\_Reader_old.cpp(39): error C2039: endl: не является членом "std"
  D:\dev\cpp\scripts\lib_2\predefined C++ types (compiler internal)(256): note:  см. объявление "std"
D:\dev\cpp\scripts\lib_2\_Reader_old.cpp(39): error C2065: endl: необъявленный идентификатор
D:\dev\cpp\scripts\lib_2\_Reader_old.cpp(40): error C2039: cout: не является членом "std"
  D:\dev\cpp\scripts\lib_2\predefined C++ types (compiler internal)(256): note:  см. объявление "std"
D:\dev\cpp\scripts\lib_2\_Reader_old.cpp(40): error C2065: cout: необъявленный идентификатор
D:\dev\cpp\scripts\lib_2\_Reader_old.cpp(40): error C2039: endl: не является членом "std"
  D:\dev\cpp\scripts\lib_2\predefined C++ types (compiler internal)(256): note:  см. объявление "std"
D:\dev\cpp\scripts\lib_2\_Reader_old.cpp(40): error C2065: endl: необъявленный идентификатор
D:\dev\cpp\scripts\lib_2\_Reader_old.cpp(42): error C2039: cin: не является членом "std"
  D:\dev\cpp\scripts\lib_2\predefined C++ types (compiler internal)(256): note:  см. объявление "std"
D:\dev\cpp\scripts\lib_2\_Reader_old.cpp(42): error C2065: cin: необъявленный идентификатор
D:\dev\cpp\scripts\lib_2\_Reader_old.cpp(48): error C2065: readers: необъявленный идентификатор
D:\dev\cpp\scripts\lib_2\_Reader_old.cpp(53): error C2065: readers: необъявленный идентификатор
D:\dev\cpp\scripts\lib_2\_Reader_old.cpp(67): error C2039: vector: не является членом "std"
  D:\dev\cpp\scripts\lib_2\predefined C++ types (compiler internal)(256): note:  см. объявление "std"
D:\dev\cpp\scripts\lib_2\_Reader_old.cpp(67): error C2065: vector: необъявленный идентификатор
D:\dev\cpp\scripts\lib_2\_Reader_old.cpp(67): error C2275: Reader: недопустимое использование этого типа в качестве выражения
  D:\dev\cpp\scripts\lib_2\_Reader_old.cpp(1): note:  см. объявление "Reader"
D:\dev\cpp\scripts\lib_2\_Reader_old.cpp(67): error C2065: reader: необъявленный идентификатор
D:\dev\cpp\scripts\lib_2\_Reader_old.cpp(67): error C2182: fillReaders: недопустимое использование типа "void"
D:\dev\cpp\scripts\lib_2\_Reader_old.cpp(67): error C2374: fillReaders: переопределение; множественная инициализация
  D:\dev\cpp\scripts\lib_2\_Reader_old.cpp(22): note:  см. объявление "fillReaders"
D:\dev\cpp\scripts\lib_2\_Reader_old.cpp(68): error C2448: fillReaders: вероятно, инициализатор, использующий стиль функции, является определением функции
D:\dev\cpp\scripts\lib_2\_Reader_old.cpp(79): error C2039: vector: не является членом "std"
  D:\dev\cpp\scripts\lib_2\predefined C++ types (compiler internal)(256): note:  см. объявление "std"
D:\dev\cpp\scripts\lib_2\_Reader_old.cpp(79): error C2065: vector: необъявленный идентификатор
D:\dev\cpp\scripts\lib_2\_Reader_old.cpp(79): error C2275: Reader: недопустимое использование этого типа в качестве выражения
  D:\dev\cpp\scripts\lib_2\_Reader_old.cpp(1): note:  см. объявление "Reader"
D:\dev\cpp\scripts\lib_2\_Reader_old.cpp(79): error C2065: reader: необъявленный идентификатор
D:\dev\cpp\scripts\lib_2\_Reader_old.cpp(79): error C2182: saveReaders: недопустимое использование типа "void"
D:\dev\cpp\scripts\lib_2\_Reader_old.cpp(79): error C2374: saveReaders: переопределение; множественная инициализация
  D:\dev\cpp\scripts\lib_2\_Reader_old.cpp(23): note:  см. объявление "saveReaders"
D:\dev\cpp\scripts\lib_2\_Reader_old.cpp(80): error C2448: saveReaders: вероятно, инициализатор, использующий стиль функции, является определением функции
D:\dev\cpp\scripts\lib_2\_Reader_old.cpp(94): error C2039: vector: не является членом "std"
  D:\dev\cpp\scripts\lib_2\predefined C++ types (compiler internal)(256): note:  см. объявление "std"
D:\dev\cpp\scripts\lib_2\_Reader_old.cpp(94): error C2143: синтаксическая ошибка: отсутствие ";" перед "<"
D:\dev\cpp\scripts\lib_2\_Reader_old.cpp(94): error C4430: отсутствует спецификатор типа - предполагается int. Примечание. C++ не поддерживает int по умолчанию
D:\dev\cpp\scripts\lib_2\_Reader_old.cpp(95): error C2143: синтаксическая ошибка: отсутствие ";" перед "{"
D:\dev\cpp\scripts\lib_2\_Reader_old.cpp(95): error C2447: {: отсутствует заголовок функции (возможно, используется формальный список старого типа)
  Создание кода...
